<?xml version="1.0" encoding="UTF-8"?>
<coverage generated="1713208676822" clover="3.2.0">
  <project timestamp="1713208676822" name="All files">
    <metrics statements="14" coveredstatements="6" conditionals="6" coveredconditionals="1" methods="4" coveredmethods="2" elements="24" coveredelements="9" complexity="0" loc="14" ncloc="14" packages="1" files="2" classes="2"/>
    <file name="apiHandler.js" path="D:\source\repos\QC\7lw\src\apiHandler.js">
      <metrics statements="6" coveredstatements="5" conditionals="2" coveredconditionals="1" methods="2" coveredmethods="2"/>
      <line num="1" count="1" type="stmt"/>
      <line num="5" count="1" type="stmt"/>
      <line num="9" count="1" type="cond" truecount="1" falsecount="1"/>
      <line num="10" count="0" type="stmt"/>
      <line num="13" count="1" type="stmt"/>
      <line num="17" count="1" type="stmt"/>
    </file>
    <file name="currencyConverter.js" path="D:\source\repos\QC\7lw\src\currencyConverter.js">
      <metrics statements="8" coveredstatements="1" conditionals="4" coveredconditionals="0" methods="2" coveredmethods="0"/>
      <line num="3" count="0" type="stmt"/>
      <line num="7" count="0" type="cond" truecount="0" falsecount="4"/>
      <line num="8" count="0" type="stmt"/>
      <line num="11" count="0" type="stmt"/>
      <line num="12" count="0" type="stmt"/>
      <line num="13" count="0" type="stmt"/>
      <line num="15" count="0" type="stmt"/>
      <line num="19" count="1" type="stmt"/>
    </file>
  </project>
</coverage>
